
*** Running vivado
    with args -log DSP48A1.vds -m64 -product Vivado -mode batch -messageDb vivado.pb -notrace -source DSP48A1.tcl


****** Vivado v2018.2 (64-bit)
  **** SW Build 2258646 on Thu Jun 14 20:03:12 MDT 2018
  **** IP Build 2256618 on Thu Jun 14 22:10:49 MDT 2018
    ** Copyright 1986-2018 Xilinx, Inc. All Rights Reserved.

source DSP48A1.tcl -notrace
Command: synth_design -top DSP48A1 -part xc7a200tffg1156-3
Starting synth_design
Attempting to get a license for feature 'Synthesis' and/or device 'xc7a200t'
INFO: [Common 17-349] Got license for feature 'Synthesis' and/or device 'xc7a200t'
INFO: Launching helper process for spawning children vivado processes
INFO: Helper process launched with PID 29892 
WARNING: [Synth 8-2490] overwriting previous definition of module DSP48A1 [D:/Digital IC design/-Digital-Design-using-Verilog-FPGA-flow-using-Vivado/DSP48A1/DSP48A1.v:1]
---------------------------------------------------------------------------------
Starting RTL Elaboration : Time (s): cpu = 00:00:01 ; elapsed = 00:00:03 . Memory (MB): peak = 367.895 ; gain = 110.781
---------------------------------------------------------------------------------
INFO: [Synth 8-6157] synthesizing module 'DSP48A1' [D:/Digital IC design/-Digital-Design-using-Verilog-FPGA-flow-using-Vivado/DSP48A1/DSP48A1.v:1]
	Parameter A0REG bound to: 0 - type: integer 
	Parameter A1REG bound to: 1 - type: integer 
	Parameter B0REG bound to: 0 - type: integer 
	Parameter B1REG bound to: 1 - type: integer 
	Parameter CREG bound to: 1 - type: integer 
	Parameter DREG bound to: 1 - type: integer 
	Parameter MREG bound to: 1 - type: integer 
	Parameter PREG bound to: 1 - type: integer 
	Parameter CARRYINREG bound to: 1 - type: integer 
	Parameter CARRYOUTREG bound to: 1 - type: integer 
	Parameter OPMODEREG bound to: 1 - type: integer 
	Parameter CARRYINSEL bound to: OPMODE5 - type: string 
	Parameter B_INPUT bound to: DIRECT - type: string 
	Parameter RSTTYPE bound to: SYNC - type: string 
INFO: [Synth 8-6157] synthesizing module 'VAL_REG_MUX' [D:/Digital IC design/-Digital-Design-using-Verilog-FPGA-flow-using-Vivado/DSP48A1/DSP48A1.v:87]
	Parameter N bound to: 8 - type: integer 
	Parameter REG_EN bound to: 1 - type: integer 
INFO: [Synth 8-6155] done synthesizing module 'VAL_REG_MUX' (1#1) [D:/Digital IC design/-Digital-Design-using-Verilog-FPGA-flow-using-Vivado/DSP48A1/DSP48A1.v:87]
INFO: [Synth 8-6157] synthesizing module 'VAL_REG_MUX__parameterized0' [D:/Digital IC design/-Digital-Design-using-Verilog-FPGA-flow-using-Vivado/DSP48A1/DSP48A1.v:87]
	Parameter N bound to: 18 - type: integer 
	Parameter REG_EN bound to: 1 - type: integer 
INFO: [Synth 8-6155] done synthesizing module 'VAL_REG_MUX__parameterized0' (1#1) [D:/Digital IC design/-Digital-Design-using-Verilog-FPGA-flow-using-Vivado/DSP48A1/DSP48A1.v:87]
INFO: [Synth 8-6157] synthesizing module 'VAL_REG_MUX__parameterized1' [D:/Digital IC design/-Digital-Design-using-Verilog-FPGA-flow-using-Vivado/DSP48A1/DSP48A1.v:87]
	Parameter N bound to: 18 - type: integer 
	Parameter REG_EN bound to: 0 - type: integer 
INFO: [Synth 8-6155] done synthesizing module 'VAL_REG_MUX__parameterized1' (1#1) [D:/Digital IC design/-Digital-Design-using-Verilog-FPGA-flow-using-Vivado/DSP48A1/DSP48A1.v:87]
INFO: [Synth 8-6157] synthesizing module 'PreAdderSubtractor' [D:/Digital IC design/-Digital-Design-using-Verilog-FPGA-flow-using-Vivado/DSP48A1/DSP48A1.v:110]
INFO: [Synth 8-6155] done synthesizing module 'PreAdderSubtractor' (2#1) [D:/Digital IC design/-Digital-Design-using-Verilog-FPGA-flow-using-Vivado/DSP48A1/DSP48A1.v:110]
INFO: [Synth 8-6157] synthesizing module 'VAL_REG_MUX__parameterized2' [D:/Digital IC design/-Digital-Design-using-Verilog-FPGA-flow-using-Vivado/DSP48A1/DSP48A1.v:87]
	Parameter N bound to: 36 - type: integer 
	Parameter REG_EN bound to: 1 - type: integer 
INFO: [Synth 8-6155] done synthesizing module 'VAL_REG_MUX__parameterized2' (2#1) [D:/Digital IC design/-Digital-Design-using-Verilog-FPGA-flow-using-Vivado/DSP48A1/DSP48A1.v:87]
INFO: [Synth 8-6157] synthesizing module 'VAL_REG_MUX__parameterized3' [D:/Digital IC design/-Digital-Design-using-Verilog-FPGA-flow-using-Vivado/DSP48A1/DSP48A1.v:87]
	Parameter N bound to: 48 - type: integer 
	Parameter REG_EN bound to: 1 - type: integer 
INFO: [Synth 8-6155] done synthesizing module 'VAL_REG_MUX__parameterized3' (2#1) [D:/Digital IC design/-Digital-Design-using-Verilog-FPGA-flow-using-Vivado/DSP48A1/DSP48A1.v:87]
INFO: [Synth 8-6157] synthesizing module 'VAL_REG_MUX__parameterized4' [D:/Digital IC design/-Digital-Design-using-Verilog-FPGA-flow-using-Vivado/DSP48A1/DSP48A1.v:87]
	Parameter N bound to: 1 - type: integer 
	Parameter REG_EN bound to: 1 - type: integer 
INFO: [Synth 8-6155] done synthesizing module 'VAL_REG_MUX__parameterized4' (2#1) [D:/Digital IC design/-Digital-Design-using-Verilog-FPGA-flow-using-Vivado/DSP48A1/DSP48A1.v:87]
INFO: [Synth 8-6157] synthesizing module 'MUX_4_1_N' [D:/Digital IC design/-Digital-Design-using-Verilog-FPGA-flow-using-Vivado/DSP48A1/DSP48A1.v:134]
	Parameter N bound to: 48 - type: integer 
INFO: [Synth 8-6155] done synthesizing module 'MUX_4_1_N' (3#1) [D:/Digital IC design/-Digital-Design-using-Verilog-FPGA-flow-using-Vivado/DSP48A1/DSP48A1.v:134]
INFO: [Synth 8-6157] synthesizing module 'PostAdderSubtractor' [D:/Digital IC design/-Digital-Design-using-Verilog-FPGA-flow-using-Vivado/DSP48A1/DSP48A1.v:121]
INFO: [Synth 8-6155] done synthesizing module 'PostAdderSubtractor' (4#1) [D:/Digital IC design/-Digital-Design-using-Verilog-FPGA-flow-using-Vivado/DSP48A1/DSP48A1.v:121]
INFO: [Synth 8-6155] done synthesizing module 'DSP48A1' (5#1) [D:/Digital IC design/-Digital-Design-using-Verilog-FPGA-flow-using-Vivado/DSP48A1/DSP48A1.v:1]
WARNING: [Synth 8-3331] design VAL_REG_MUX__parameterized1 has unconnected port rst
WARNING: [Synth 8-3331] design VAL_REG_MUX__parameterized1 has unconnected port CE
WARNING: [Synth 8-3331] design VAL_REG_MUX__parameterized1 has unconnected port clk
WARNING: [Synth 8-3331] design DSP48A1 has unconnected port CARRYIN
WARNING: [Synth 8-3331] design DSP48A1 has unconnected port BCIN
---------------------------------------------------------------------------------
Finished RTL Elaboration : Time (s): cpu = 00:00:01 ; elapsed = 00:00:04 . Memory (MB): peak = 400.941 ; gain = 143.828
---------------------------------------------------------------------------------

Report Check Netlist: 
+------+------------------+-------+---------+-------+------------------+
|      |Item              |Errors |Warnings |Status |Description       |
+------+------------------+-------+---------+-------+------------------+
|1     |multi_driven_nets |      0|        0|Passed |Multi driven nets |
+------+------------------+-------+---------+-------+------------------+
---------------------------------------------------------------------------------
Start Handling Custom Attributes
---------------------------------------------------------------------------------
---------------------------------------------------------------------------------
Finished Handling Custom Attributes : Time (s): cpu = 00:00:01 ; elapsed = 00:00:04 . Memory (MB): peak = 400.941 ; gain = 143.828
---------------------------------------------------------------------------------
---------------------------------------------------------------------------------
Finished RTL Optimization Phase 1 : Time (s): cpu = 00:00:01 ; elapsed = 00:00:04 . Memory (MB): peak = 400.941 ; gain = 143.828
---------------------------------------------------------------------------------
INFO: [Device 21-403] Loading part xc7a200tffg1156-3
INFO: [Project 1-570] Preparing netlist for logic optimization

Processing XDC Constraints
Initializing timing engine
Parsing XDC File [D:/Digital IC design/-Digital-Design-using-Verilog-FPGA-flow-using-Vivado/DSP48A1/Vivado/DSP/Constraints_basys3.xdc]
Finished Parsing XDC File [D:/Digital IC design/-Digital-Design-using-Verilog-FPGA-flow-using-Vivado/DSP48A1/Vivado/DSP/Constraints_basys3.xdc]
INFO: [Project 1-236] Implementation specific constraints were found while reading constraint file [D:/Digital IC design/-Digital-Design-using-Verilog-FPGA-flow-using-Vivado/DSP48A1/Vivado/DSP/Constraints_basys3.xdc]. These constraints will be ignored for synthesis but will be used in implementation. Impacted constraints are listed in the file [.Xil/DSP48A1_propImpl.xdc].
Resolution: To avoid this warning, move constraints listed in [.Xil/DSP48A1_propImpl.xdc] to another XDC file and exclude this new file from synthesis with the used_in_synthesis property (File Properties dialog in GUI) and re-run elaboration/synthesis.
Completed Processing XDC Constraints

INFO: [Project 1-111] Unisim Transformation Summary:
No Unisim elements were transformed.

Constraint Validation Runtime : Time (s): cpu = 00:00:00 ; elapsed = 00:00:00.003 . Memory (MB): peak = 821.699 ; gain = 0.000
---------------------------------------------------------------------------------
Finished Constraint Validation : Time (s): cpu = 00:00:15 ; elapsed = 00:00:33 . Memory (MB): peak = 821.699 ; gain = 564.586
---------------------------------------------------------------------------------
---------------------------------------------------------------------------------
Start Loading Part and Timing Information
---------------------------------------------------------------------------------
Loading part: xc7a200tffg1156-3
---------------------------------------------------------------------------------
Finished Loading Part and Timing Information : Time (s): cpu = 00:00:15 ; elapsed = 00:00:33 . Memory (MB): peak = 821.699 ; gain = 564.586
---------------------------------------------------------------------------------
---------------------------------------------------------------------------------
Start Applying 'set_property' XDC Constraints
---------------------------------------------------------------------------------
---------------------------------------------------------------------------------
Finished applying 'set_property' XDC Constraints : Time (s): cpu = 00:00:15 ; elapsed = 00:00:33 . Memory (MB): peak = 821.699 ; gain = 564.586
---------------------------------------------------------------------------------
INFO: [Synth 8-5818] HDL ADVISOR - The operator resource <adder> is shared. To prevent sharing consider applying a KEEP on the output of the operator [D:/Digital IC design/-Digital-Design-using-Verilog-FPGA-flow-using-Vivado/DSP48A1/DSP48A1.v:116]
WARNING: [Synth 8-327] inferring latch for variable 'preStage_out_reg' [D:/Digital IC design/-Digital-Design-using-Verilog-FPGA-flow-using-Vivado/DSP48A1/DSP48A1.v:116]
WARNING: [Synth 8-327] inferring latch for variable 'postStage_out_reg' [D:/Digital IC design/-Digital-Design-using-Verilog-FPGA-flow-using-Vivado/DSP48A1/DSP48A1.v:129]
WARNING: [Synth 8-327] inferring latch for variable 'Cout_reg' [D:/Digital IC design/-Digital-Design-using-Verilog-FPGA-flow-using-Vivado/DSP48A1/DSP48A1.v:129]
---------------------------------------------------------------------------------
Finished RTL Optimization Phase 2 : Time (s): cpu = 00:00:15 ; elapsed = 00:00:33 . Memory (MB): peak = 821.699 ; gain = 564.586
---------------------------------------------------------------------------------

Report RTL Partitions: 
+-+--------------+------------+----------+
| |RTL Partition |Replication |Instances |
+-+--------------+------------+----------+
+-+--------------+------------+----------+
---------------------------------------------------------------------------------
Start RTL Component Statistics 
---------------------------------------------------------------------------------
Detailed RTL Component Info : 
+---Adders : 
	   2 Input     49 Bit       Adders := 1     
	   3 Input     49 Bit       Adders := 2     
	   3 Input     18 Bit       Adders := 1     
+---Registers : 
	               48 Bit    Registers := 2     
	               36 Bit    Registers := 1     
	               18 Bit    Registers := 3     
	                8 Bit    Registers := 1     
	                1 Bit    Registers := 2     
+---Muxes : 
	   4 Input     48 Bit        Muxes := 2     
	   2 Input     48 Bit        Muxes := 1     
	   2 Input     35 Bit        Muxes := 1     
	   2 Input     18 Bit        Muxes := 2     
	   2 Input      1 Bit        Muxes := 1     
---------------------------------------------------------------------------------
Finished RTL Component Statistics 
---------------------------------------------------------------------------------
---------------------------------------------------------------------------------
Start RTL Hierarchical Component Statistics 
---------------------------------------------------------------------------------
Hierarchical RTL Component report 
Module DSP48A1 
Detailed RTL Component Info : 
+---Muxes : 
	   2 Input     35 Bit        Muxes := 1     
	   2 Input     18 Bit        Muxes := 1     
Module VAL_REG_MUX 
Detailed RTL Component Info : 
+---Registers : 
	                8 Bit    Registers := 1     
Module VAL_REG_MUX__parameterized0 
Detailed RTL Component Info : 
+---Registers : 
	               18 Bit    Registers := 1     
Module PreAdderSubtractor 
Detailed RTL Component Info : 
+---Adders : 
	   3 Input     18 Bit       Adders := 1     
+---Muxes : 
	   2 Input     18 Bit        Muxes := 1     
Module VAL_REG_MUX__parameterized2 
Detailed RTL Component Info : 
+---Registers : 
	               36 Bit    Registers := 1     
Module VAL_REG_MUX__parameterized3 
Detailed RTL Component Info : 
+---Registers : 
	               48 Bit    Registers := 1     
Module VAL_REG_MUX__parameterized4 
Detailed RTL Component Info : 
+---Registers : 
	                1 Bit    Registers := 1     
Module MUX_4_1_N 
Detailed RTL Component Info : 
+---Muxes : 
	   4 Input     48 Bit        Muxes := 1     
Module PostAdderSubtractor 
Detailed RTL Component Info : 
+---Adders : 
	   2 Input     49 Bit       Adders := 1     
	   3 Input     49 Bit       Adders := 2     
+---Muxes : 
	   2 Input     48 Bit        Muxes := 1     
	   2 Input      1 Bit        Muxes := 1     
---------------------------------------------------------------------------------
Finished RTL Hierarchical Component Statistics
---------------------------------------------------------------------------------
---------------------------------------------------------------------------------
Start Part Resource Summary
---------------------------------------------------------------------------------
Part Resources:
DSPs: 740 (col length:100)
BRAMs: 730 (col length: RAMB18 100 RAMB36 50)
---------------------------------------------------------------------------------
Finished Part Resource Summary
---------------------------------------------------------------------------------
---------------------------------------------------------------------------------
Start Cross Boundary and Area Optimization
---------------------------------------------------------------------------------
Warning: Parallel synthesis criteria is not met 
DSP Report: Generating DSP M_REG/mux_out_reg, operation Mode is: (C+A2*B2)'.
DSP Report: register B1_REG/mux_out_reg is absorbed into DSP M_REG/mux_out_reg.
DSP Report: register A1_REG/mux_out_reg is absorbed into DSP M_REG/mux_out_reg.
DSP Report: register M_REG/mux_out_reg is absorbed into DSP M_REG/mux_out_reg.
DSP Report: operator Mulitplier_out is absorbed into DSP M_REG/mux_out_reg.
DSP Report: operator Mulitplier_out is absorbed into DSP M_REG/mux_out_reg.
WARNING: [Synth 8-3331] design DSP48A1 has unconnected port CARRYIN
WARNING: [Synth 8-3331] design DSP48A1 has unconnected port BCIN
WARNING: [Synth 8-3332] Sequential element (preStage/preStage_out_reg[17]) is unused and will be removed from module DSP48A1.
WARNING: [Synth 8-3332] Sequential element (preStage/preStage_out_reg[16]) is unused and will be removed from module DSP48A1.
WARNING: [Synth 8-3332] Sequential element (preStage/preStage_out_reg[15]) is unused and will be removed from module DSP48A1.
WARNING: [Synth 8-3332] Sequential element (preStage/preStage_out_reg[14]) is unused and will be removed from module DSP48A1.
WARNING: [Synth 8-3332] Sequential element (preStage/preStage_out_reg[13]) is unused and will be removed from module DSP48A1.
WARNING: [Synth 8-3332] Sequential element (preStage/preStage_out_reg[12]) is unused and will be removed from module DSP48A1.
WARNING: [Synth 8-3332] Sequential element (preStage/preStage_out_reg[11]) is unused and will be removed from module DSP48A1.
WARNING: [Synth 8-3332] Sequential element (preStage/preStage_out_reg[10]) is unused and will be removed from module DSP48A1.
WARNING: [Synth 8-3332] Sequential element (preStage/preStage_out_reg[9]) is unused and will be removed from module DSP48A1.
WARNING: [Synth 8-3332] Sequential element (preStage/preStage_out_reg[8]) is unused and will be removed from module DSP48A1.
WARNING: [Synth 8-3332] Sequential element (preStage/preStage_out_reg[7]) is unused and will be removed from module DSP48A1.
WARNING: [Synth 8-3332] Sequential element (preStage/preStage_out_reg[6]) is unused and will be removed from module DSP48A1.
WARNING: [Synth 8-3332] Sequential element (preStage/preStage_out_reg[5]) is unused and will be removed from module DSP48A1.
WARNING: [Synth 8-3332] Sequential element (preStage/preStage_out_reg[4]) is unused and will be removed from module DSP48A1.
WARNING: [Synth 8-3332] Sequential element (preStage/preStage_out_reg[3]) is unused and will be removed from module DSP48A1.
WARNING: [Synth 8-3332] Sequential element (preStage/preStage_out_reg[2]) is unused and will be removed from module DSP48A1.
WARNING: [Synth 8-3332] Sequential element (preStage/preStage_out_reg[1]) is unused and will be removed from module DSP48A1.
WARNING: [Synth 8-3332] Sequential element (preStage/preStage_out_reg[0]) is unused and will be removed from module DSP48A1.
WARNING: [Synth 8-3332] Sequential element (postStage/postStage_out_reg[47]) is unused and will be removed from module DSP48A1.
WARNING: [Synth 8-3332] Sequential element (postStage/postStage_out_reg[46]) is unused and will be removed from module DSP48A1.
WARNING: [Synth 8-3332] Sequential element (postStage/postStage_out_reg[45]) is unused and will be removed from module DSP48A1.
WARNING: [Synth 8-3332] Sequential element (postStage/postStage_out_reg[44]) is unused and will be removed from module DSP48A1.
WARNING: [Synth 8-3332] Sequential element (postStage/postStage_out_reg[43]) is unused and will be removed from module DSP48A1.
WARNING: [Synth 8-3332] Sequential element (postStage/postStage_out_reg[42]) is unused and will be removed from module DSP48A1.
WARNING: [Synth 8-3332] Sequential element (postStage/postStage_out_reg[41]) is unused and will be removed from module DSP48A1.
WARNING: [Synth 8-3332] Sequential element (postStage/postStage_out_reg[40]) is unused and will be removed from module DSP48A1.
WARNING: [Synth 8-3332] Sequential element (postStage/postStage_out_reg[39]) is unused and will be removed from module DSP48A1.
WARNING: [Synth 8-3332] Sequential element (postStage/postStage_out_reg[38]) is unused and will be removed from module DSP48A1.
WARNING: [Synth 8-3332] Sequential element (postStage/postStage_out_reg[37]) is unused and will be removed from module DSP48A1.
WARNING: [Synth 8-3332] Sequential element (postStage/postStage_out_reg[36]) is unused and will be removed from module DSP48A1.
WARNING: [Synth 8-3332] Sequential element (postStage/postStage_out_reg[35]) is unused and will be removed from module DSP48A1.
WARNING: [Synth 8-3332] Sequential element (postStage/postStage_out_reg[34]) is unused and will be removed from module DSP48A1.
WARNING: [Synth 8-3332] Sequential element (postStage/postStage_out_reg[33]) is unused and will be removed from module DSP48A1.
WARNING: [Synth 8-3332] Sequential element (postStage/postStage_out_reg[32]) is unused and will be removed from module DSP48A1.
WARNING: [Synth 8-3332] Sequential element (postStage/postStage_out_reg[31]) is unused and will be removed from module DSP48A1.
WARNING: [Synth 8-3332] Sequential element (postStage/postStage_out_reg[30]) is unused and will be removed from module DSP48A1.
WARNING: [Synth 8-3332] Sequential element (postStage/postStage_out_reg[29]) is unused and will be removed from module DSP48A1.
WARNING: [Synth 8-3332] Sequential element (postStage/postStage_out_reg[28]) is unused and will be removed from module DSP48A1.
WARNING: [Synth 8-3332] Sequential element (postStage/postStage_out_reg[27]) is unused and will be removed from module DSP48A1.
WARNING: [Synth 8-3332] Sequential element (postStage/postStage_out_reg[26]) is unused and will be removed from module DSP48A1.
WARNING: [Synth 8-3332] Sequential element (postStage/postStage_out_reg[25]) is unused and will be removed from module DSP48A1.
WARNING: [Synth 8-3332] Sequential element (postStage/postStage_out_reg[24]) is unused and will be removed from module DSP48A1.
WARNING: [Synth 8-3332] Sequential element (postStage/postStage_out_reg[23]) is unused and will be removed from module DSP48A1.
WARNING: [Synth 8-3332] Sequential element (postStage/postStage_out_reg[22]) is unused and will be removed from module DSP48A1.
WARNING: [Synth 8-3332] Sequential element (postStage/postStage_out_reg[21]) is unused and will be removed from module DSP48A1.
WARNING: [Synth 8-3332] Sequential element (postStage/postStage_out_reg[20]) is unused and will be removed from module DSP48A1.
WARNING: [Synth 8-3332] Sequential element (postStage/postStage_out_reg[19]) is unused and will be removed from module DSP48A1.
WARNING: [Synth 8-3332] Sequential element (postStage/postStage_out_reg[18]) is unused and will be removed from module DSP48A1.
WARNING: [Synth 8-3332] Sequential element (postStage/postStage_out_reg[17]) is unused and will be removed from module DSP48A1.
WARNING: [Synth 8-3332] Sequential element (postStage/postStage_out_reg[16]) is unused and will be removed from module DSP48A1.
WARNING: [Synth 8-3332] Sequential element (postStage/postStage_out_reg[15]) is unused and will be removed from module DSP48A1.
WARNING: [Synth 8-3332] Sequential element (postStage/postStage_out_reg[14]) is unused and will be removed from module DSP48A1.
WARNING: [Synth 8-3332] Sequential element (postStage/postStage_out_reg[13]) is unused and will be removed from module DSP48A1.
WARNING: [Synth 8-3332] Sequential element (postStage/postStage_out_reg[12]) is unused and will be removed from module DSP48A1.
WARNING: [Synth 8-3332] Sequential element (postStage/postStage_out_reg[11]) is unused and will be removed from module DSP48A1.
WARNING: [Synth 8-3332] Sequential element (postStage/postStage_out_reg[10]) is unused and will be removed from module DSP48A1.
WARNING: [Synth 8-3332] Sequential element (postStage/postStage_out_reg[9]) is unused and will be removed from module DSP48A1.
WARNING: [Synth 8-3332] Sequential element (postStage/postStage_out_reg[8]) is unused and will be removed from module DSP48A1.
WARNING: [Synth 8-3332] Sequential element (postStage/postStage_out_reg[7]) is unused and will be removed from module DSP48A1.
WARNING: [Synth 8-3332] Sequential element (postStage/postStage_out_reg[6]) is unused and will be removed from module DSP48A1.
WARNING: [Synth 8-3332] Sequential element (postStage/postStage_out_reg[5]) is unused and will be removed from module DSP48A1.
WARNING: [Synth 8-3332] Sequential element (postStage/postStage_out_reg[4]) is unused and will be removed from module DSP48A1.
WARNING: [Synth 8-3332] Sequential element (postStage/postStage_out_reg[3]) is unused and will be removed from module DSP48A1.
WARNING: [Synth 8-3332] Sequential element (postStage/postStage_out_reg[2]) is unused and will be removed from module DSP48A1.
WARNING: [Synth 8-3332] Sequential element (postStage/postStage_out_reg[1]) is unused and will be removed from module DSP48A1.
WARNING: [Synth 8-3332] Sequential element (postStage/postStage_out_reg[0]) is unused and will be removed from module DSP48A1.
WARNING: [Synth 8-3332] Sequential element (postStage/Cout_reg) is unused and will be removed from module DSP48A1.
---------------------------------------------------------------------------------
Finished Cross Boundary and Area Optimization : Time (s): cpu = 00:00:15 ; elapsed = 00:00:35 . Memory (MB): peak = 821.699 ; gain = 564.586
---------------------------------------------------------------------------------
---------------------------------------------------------------------------------
Start ROM, RAM, DSP and Shift Register Reporting
---------------------------------------------------------------------------------

DSP: Preliminary Mapping  Report (see note below)
+------------+-------------+--------+--------+--------+--------+--------+------+------+------+------+-------+------+------+
|Module Name | DSP Mapping | A Size | B Size | C Size | D Size | P Size | AREG | BREG | CREG | DREG | ADREG | MREG | PREG | 
+------------+-------------+--------+--------+--------+--------+--------+------+------+------+------+-------+------+------+
|DSP48A1     | (C+A2*B2)'  | 18     | 17     | 35     | -      | 36     | 1    | 1    | 0    | -    | -     | 0    | 1    | 
+------------+-------------+--------+--------+--------+--------+--------+------+------+------+------+-------+------+------+

Note: The table above is a preliminary report that shows the DSPs inferred at the current stage of the synthesis flow. Some DSP may be reimplemented as non DSP primitives later in the synthesis flow. Multiple instantiated DSPs are reported only once.
---------------------------------------------------------------------------------
Finished ROM, RAM, DSP and Shift Register Reporting
---------------------------------------------------------------------------------

Report RTL Partitions: 
+-+--------------+------------+----------+
| |RTL Partition |Replication |Instances |
+-+--------------+------------+----------+
+-+--------------+------------+----------+
---------------------------------------------------------------------------------
Start Applying XDC Timing Constraints
---------------------------------------------------------------------------------
---------------------------------------------------------------------------------
Finished Applying XDC Timing Constraints : Time (s): cpu = 00:00:21 ; elapsed = 00:00:52 . Memory (MB): peak = 853.566 ; gain = 596.453
---------------------------------------------------------------------------------
---------------------------------------------------------------------------------
Start Timing Optimization
---------------------------------------------------------------------------------
---------------------------------------------------------------------------------
Finished Timing Optimization : Time (s): cpu = 00:00:21 ; elapsed = 00:00:52 . Memory (MB): peak = 864.262 ; gain = 607.148
---------------------------------------------------------------------------------

Report RTL Partitions: 
+-+--------------+------------+----------+
| |RTL Partition |Replication |Instances |
+-+--------------+------------+----------+
+-+--------------+------------+----------+
---------------------------------------------------------------------------------
Start Technology Mapping
---------------------------------------------------------------------------------
INFO: [Synth 8-5842] Cannot pack DSP OPMODE registers because of constant '1' value. Packing the registers will cause simulation mismatch at initial cycle [D:/Digital IC design/-Digital-Design-using-Verilog-FPGA-flow-using-Vivado/DSP48A1/DSP48A1.v:61]
---------------------------------------------------------------------------------
Finished Technology Mapping : Time (s): cpu = 00:00:21 ; elapsed = 00:00:53 . Memory (MB): peak = 866.375 ; gain = 609.262
---------------------------------------------------------------------------------

Report RTL Partitions: 
+-+--------------+------------+----------+
| |RTL Partition |Replication |Instances |
+-+--------------+------------+----------+
+-+--------------+------------+----------+
---------------------------------------------------------------------------------
Start IO Insertion
---------------------------------------------------------------------------------
---------------------------------------------------------------------------------
Start Flattening Before IO Insertion
---------------------------------------------------------------------------------
---------------------------------------------------------------------------------
Finished Flattening Before IO Insertion
---------------------------------------------------------------------------------
---------------------------------------------------------------------------------
Start Final Netlist Cleanup
---------------------------------------------------------------------------------
---------------------------------------------------------------------------------
Finished Final Netlist Cleanup
---------------------------------------------------------------------------------
---------------------------------------------------------------------------------
Finished IO Insertion : Time (s): cpu = 00:00:22 ; elapsed = 00:00:54 . Memory (MB): peak = 866.375 ; gain = 609.262
---------------------------------------------------------------------------------

Report Check Netlist: 
+------+------------------+-------+---------+-------+------------------+
|      |Item              |Errors |Warnings |Status |Description       |
+------+------------------+-------+---------+-------+------------------+
|1     |multi_driven_nets |      0|        0|Passed |Multi driven nets |
+------+------------------+-------+---------+-------+------------------+
---------------------------------------------------------------------------------
Start Renaming Generated Instances
---------------------------------------------------------------------------------
---------------------------------------------------------------------------------
Finished Renaming Generated Instances : Time (s): cpu = 00:00:22 ; elapsed = 00:00:54 . Memory (MB): peak = 866.375 ; gain = 609.262
---------------------------------------------------------------------------------

Report RTL Partitions: 
+-+--------------+------------+----------+
| |RTL Partition |Replication |Instances |
+-+--------------+------------+----------+
+-+--------------+------------+----------+
---------------------------------------------------------------------------------
Start Rebuilding User Hierarchy
---------------------------------------------------------------------------------
---------------------------------------------------------------------------------
Finished Rebuilding User Hierarchy : Time (s): cpu = 00:00:22 ; elapsed = 00:00:54 . Memory (MB): peak = 866.375 ; gain = 609.262
---------------------------------------------------------------------------------
---------------------------------------------------------------------------------
Start Renaming Generated Ports
---------------------------------------------------------------------------------
---------------------------------------------------------------------------------
Finished Renaming Generated Ports : Time (s): cpu = 00:00:22 ; elapsed = 00:00:54 . Memory (MB): peak = 866.375 ; gain = 609.262
---------------------------------------------------------------------------------
---------------------------------------------------------------------------------
Start Handling Custom Attributes
---------------------------------------------------------------------------------
---------------------------------------------------------------------------------
Finished Handling Custom Attributes : Time (s): cpu = 00:00:22 ; elapsed = 00:00:54 . Memory (MB): peak = 866.375 ; gain = 609.262
---------------------------------------------------------------------------------
---------------------------------------------------------------------------------
Start Renaming Generated Nets
---------------------------------------------------------------------------------
---------------------------------------------------------------------------------
Finished Renaming Generated Nets : Time (s): cpu = 00:00:22 ; elapsed = 00:00:54 . Memory (MB): peak = 866.375 ; gain = 609.262
---------------------------------------------------------------------------------
---------------------------------------------------------------------------------
Start Writing Synthesis Report
---------------------------------------------------------------------------------

Report BlackBoxes: 
+-+--------------+----------+
| |BlackBox name |Instances |
+-+--------------+----------+
+-+--------------+----------+

Report Cell Usage: 
+------+----------+------+
|      |Cell      |Count |
+------+----------+------+
|1     |BUFG      |     1|
|2     |CARRY4    |    44|
|3     |DSP48E1_1 |     1|
|4     |LUT1      |     1|
|5     |LUT3      |    84|
|6     |LUT4      |    25|
|7     |LUT5      |   130|
|8     |LUT6      |    85|
|9     |FDRE      |   160|
|10    |IBUF      |   175|
|11    |OBUF      |   152|
+------+----------+------+

Report Instance Areas: 
+------+----------------+------------------------------+------+
|      |Instance        |Module                        |Cells |
+------+----------------+------------------------------+------+
|1     |top             |                              |   858|
|2     |  A1_REG        |VAL_REG_MUX__parameterized0   |    18|
|3     |  B1_REG        |VAL_REG_MUX__parameterized0_0 |    18|
|4     |  CARRRYOUT_REG |VAL_REG_MUX__parameterized4   |     1|
|5     |  C_REG         |VAL_REG_MUX__parameterized3   |    48|
|6     |  Cin_REG       |VAL_REG_MUX__parameterized4_1 |     2|
|7     |  D_REG         |VAL_REG_MUX__parameterized0_2 |    23|
|8     |  M_REG         |VAL_REG_MUX__parameterized2   |     1|
|9     |  OPMODE_REG    |VAL_REG_MUX                   |   133|
|10    |  P_REG         |VAL_REG_MUX__parameterized3_3 |    48|
|11    |  X             |MUX_4_1_N                     |    94|
|12    |  Z             |MUX_4_1_N_4                   |    48|
|13    |  postStage     |PostAdderSubtractor           |    95|
+------+----------------+------------------------------+------+
---------------------------------------------------------------------------------
Finished Writing Synthesis Report : Time (s): cpu = 00:00:22 ; elapsed = 00:00:54 . Memory (MB): peak = 866.375 ; gain = 609.262
---------------------------------------------------------------------------------
Synthesis finished with 0 errors, 0 critical warnings and 72 warnings.
Synthesis Optimization Runtime : Time (s): cpu = 00:00:09 ; elapsed = 00:00:28 . Memory (MB): peak = 866.375 ; gain = 188.504
Synthesis Optimization Complete : Time (s): cpu = 00:00:22 ; elapsed = 00:00:54 . Memory (MB): peak = 866.375 ; gain = 609.262
INFO: [Project 1-571] Translating synthesized netlist
INFO: [Netlist 29-17] Analyzing 220 Unisim elements for replacement
INFO: [Netlist 29-28] Unisim Transformation completed in 0 CPU seconds
INFO: [Project 1-570] Preparing netlist for logic optimization
INFO: [Opt 31-138] Pushed 0 inverter(s) to 0 load pin(s).
INFO: [Project 1-111] Unisim Transformation Summary:
No Unisim elements were transformed.

INFO: [Common 17-83] Releasing license: Synthesis
34 Infos, 78 Warnings, 0 Critical Warnings and 0 Errors encountered.
synth_design completed successfully
synth_design: Time (s): cpu = 00:00:23 ; elapsed = 00:00:57 . Memory (MB): peak = 866.375 ; gain = 622.312
WARNING: [Constraints 18-5210] No constraint will be written out.
INFO: [Common 17-1381] The checkpoint 'D:/Digital IC design/-Digital-Design-using-Verilog-FPGA-flow-using-Vivado/DSP48A1/Vivado/DSP/DSP.runs/synth_1/DSP48A1.dcp' has been generated.
INFO: [runtcl-4] Executing : report_utilization -file DSP48A1_utilization_synth.rpt -pb DSP48A1_utilization_synth.pb
report_utilization: Time (s): cpu = 00:00:00 ; elapsed = 00:00:00.169 . Memory (MB): peak = 866.375 ; gain = 0.000
INFO: [Common 17-206] Exiting Vivado at Sat Aug  3 01:03:52 2024...
