Copyright 1986-2018 Xilinx, Inc. All Rights Reserved.
-----------------------------------------------------------------------------------------------------------------------------------------------------------
| Tool Version : Vivado v.2018.2 (win64) Build 2258646 Thu Jun 14 20:03:12 MDT 2018
| Date         : Sat Aug  3 01:11:13 2024
| Host         : DESKTOP-QKFN6QS running 64-bit major release  (build 9200)
| Command      : report_methodology -file DSP48A1_methodology_drc_routed.rpt -pb DSP48A1_methodology_drc_routed.pb -rpx DSP48A1_methodology_drc_routed.rpx
| Design       : DSP48A1
| Device       : xc7a200tffg1156-3
| Speed File   : -3
| Design State : Routed
-----------------------------------------------------------------------------------------------------------------------------------------------------------

Report Methodology

Table of Contents
-----------------
1. REPORT SUMMARY
2. REPORT DETAILS

1. REPORT SUMMARY
-----------------
            Netlist: netlist
          Floorplan: checkpoint_DSP48A1
      Design limits: <entire design considered>
             Max violations: <unlimited>
             Violations found: 326
+-----------+----------+-------------------------------+------------+
| Rule      | Severity | Description                   | Violations |
+-----------+----------+-------------------------------+------------+
| TIMING-18 | Warning  | Missing input or output delay | 326        |
+-----------+----------+-------------------------------+------------+

2. REPORT DETAILS
-----------------
TIMING-18#1 Warning
Missing input or output delay  
An input delay is missing on A[0] relative to clock(s) sys_clk_pin
Related violations: <none>

TIMING-18#2 Warning
Missing input or output delay  
An input delay is missing on A[10] relative to clock(s) sys_clk_pin
Related violations: <none>

TIMING-18#3 Warning
Missing input or output delay  
An input delay is missing on A[11] relative to clock(s) sys_clk_pin
Related violations: <none>

TIMING-18#4 Warning
Missing input or output delay  
An input delay is missing on A[12] relative to clock(s) sys_clk_pin
Related violations: <none>

TIMING-18#5 Warning
Missing input or output delay  
An input delay is missing on A[13] relative to clock(s) sys_clk_pin
Related violations: <none>

TIMING-18#6 Warning
Missing input or output delay  
An input delay is missing on A[14] relative to clock(s) sys_clk_pin
Related violations: <none>

TIMING-18#7 Warning
Missing input or output delay  
An input delay is missing on A[15] relative to clock(s) sys_clk_pin
Related violations: <none>

TIMING-18#8 Warning
Missing input or output delay  
An input delay is missing on A[16] relative to clock(s) sys_clk_pin
Related violations: <none>

TIMING-18#9 Warning
Missing input or output delay  
An input delay is missing on A[17] relative to clock(s) sys_clk_pin
Related violations: <none>

TIMING-18#10 Warning
Missing input or output delay  
An input delay is missing on A[1] relative to clock(s) sys_clk_pin
Related violations: <none>

TIMING-18#11 Warning
Missing input or output delay  
An input delay is missing on A[2] relative to clock(s) sys_clk_pin
Related violations: <none>

TIMING-18#12 Warning
Missing input or output delay  
An input delay is missing on A[3] relative to clock(s) sys_clk_pin
Related violations: <none>

TIMING-18#13 Warning
Missing input or output delay  
An input delay is missing on A[4] relative to clock(s) sys_clk_pin
Related violations: <none>

TIMING-18#14 Warning
Missing input or output delay  
An input delay is missing on A[5] relative to clock(s) sys_clk_pin
Related violations: <none>

TIMING-18#15 Warning
Missing input or output delay  
An input delay is missing on A[6] relative to clock(s) sys_clk_pin
Related violations: <none>

TIMING-18#16 Warning
Missing input or output delay  
An input delay is missing on A[7] relative to clock(s) sys_clk_pin
Related violations: <none>

TIMING-18#17 Warning
Missing input or output delay  
An input delay is missing on A[8] relative to clock(s) sys_clk_pin
Related violations: <none>

TIMING-18#18 Warning
Missing input or output delay  
An input delay is missing on A[9] relative to clock(s) sys_clk_pin
Related violations: <none>

TIMING-18#19 Warning
Missing input or output delay  
An input delay is missing on B[0] relative to clock(s) sys_clk_pin
Related violations: <none>

TIMING-18#20 Warning
Missing input or output delay  
An input delay is missing on B[10] relative to clock(s) sys_clk_pin
Related violations: <none>

TIMING-18#21 Warning
Missing input or output delay  
An input delay is missing on B[11] relative to clock(s) sys_clk_pin
Related violations: <none>

TIMING-18#22 Warning
Missing input or output delay  
An input delay is missing on B[12] relative to clock(s) sys_clk_pin
Related violations: <none>

TIMING-18#23 Warning
Missing input or output delay  
An input delay is missing on B[13] relative to clock(s) sys_clk_pin
Related violations: <none>

TIMING-18#24 Warning
Missing input or output delay  
An input delay is missing on B[14] relative to clock(s) sys_clk_pin
Related violations: <none>

TIMING-18#25 Warning
Missing input or output delay  
An input delay is missing on B[15] relative to clock(s) sys_clk_pin
Related violations: <none>

TIMING-18#26 Warning
Missing input or output delay  
An input delay is missing on B[16] relative to clock(s) sys_clk_pin
Related violations: <none>

TIMING-18#27 Warning
Missing input or output delay  
An input delay is missing on B[17] relative to clock(s) sys_clk_pin
Related violations: <none>

TIMING-18#28 Warning
Missing input or output delay  
An input delay is missing on B[1] relative to clock(s) sys_clk_pin
Related violations: <none>

TIMING-18#29 Warning
Missing input or output delay  
An input delay is missing on B[2] relative to clock(s) sys_clk_pin
Related violations: <none>

TIMING-18#30 Warning
Missing input or output delay  
An input delay is missing on B[3] relative to clock(s) sys_clk_pin
Related violations: <none>

TIMING-18#31 Warning
Missing input or output delay  
An input delay is missing on B[4] relative to clock(s) sys_clk_pin
Related violations: <none>

TIMING-18#32 Warning
Missing input or output delay  
An input delay is missing on B[5] relative to clock(s) sys_clk_pin
Related violations: <none>

TIMING-18#33 Warning
Missing input or output delay  
An input delay is missing on B[6] relative to clock(s) sys_clk_pin
Related violations: <none>

TIMING-18#34 Warning
Missing input or output delay  
An input delay is missing on B[7] relative to clock(s) sys_clk_pin
Related violations: <none>

TIMING-18#35 Warning
Missing input or output delay  
An input delay is missing on B[8] relative to clock(s) sys_clk_pin
Related violations: <none>

TIMING-18#36 Warning
Missing input or output delay  
An input delay is missing on B[9] relative to clock(s) sys_clk_pin
Related violations: <none>

TIMING-18#37 Warning
Missing input or output delay  
An input delay is missing on CEA relative to clock(s) sys_clk_pin
Related violations: <none>

TIMING-18#38 Warning
Missing input or output delay  
An input delay is missing on CEB relative to clock(s) sys_clk_pin
Related violations: <none>

TIMING-18#39 Warning
Missing input or output delay  
An input delay is missing on CEC relative to clock(s) sys_clk_pin
Related violations: <none>

TIMING-18#40 Warning
Missing input or output delay  
An input delay is missing on CECARRYIN relative to clock(s) sys_clk_pin
Related violations: <none>

TIMING-18#41 Warning
Missing input or output delay  
An input delay is missing on CED relative to clock(s) sys_clk_pin
Related violations: <none>

TIMING-18#42 Warning
Missing input or output delay  
An input delay is missing on CEM relative to clock(s) sys_clk_pin
Related violations: <none>

TIMING-18#43 Warning
Missing input or output delay  
An input delay is missing on CEOPMODE relative to clock(s) sys_clk_pin
Related violations: <none>

TIMING-18#44 Warning
Missing input or output delay  
An input delay is missing on CEP relative to clock(s) sys_clk_pin
Related violations: <none>

TIMING-18#45 Warning
Missing input or output delay  
An input delay is missing on C[0] relative to clock(s) sys_clk_pin
Related violations: <none>

TIMING-18#46 Warning
Missing input or output delay  
An input delay is missing on C[10] relative to clock(s) sys_clk_pin
Related violations: <none>

TIMING-18#47 Warning
Missing input or output delay  
An input delay is missing on C[11] relative to clock(s) sys_clk_pin
Related violations: <none>

TIMING-18#48 Warning
Missing input or output delay  
An input delay is missing on C[12] relative to clock(s) sys_clk_pin
Related violations: <none>

TIMING-18#49 Warning
Missing input or output delay  
An input delay is missing on C[13] relative to clock(s) sys_clk_pin
Related violations: <none>

TIMING-18#50 Warning
Missing input or output delay  
An input delay is missing on C[14] relative to clock(s) sys_clk_pin
Related violations: <none>

TIMING-18#51 Warning
Missing input or output delay  
An input delay is missing on C[15] relative to clock(s) sys_clk_pin
Related violations: <none>

TIMING-18#52 Warning
Missing input or output delay  
An input delay is missing on C[16] relative to clock(s) sys_clk_pin
Related violations: <none>

TIMING-18#53 Warning
Missing input or output delay  
An input delay is missing on C[17] relative to clock(s) sys_clk_pin
Related violations: <none>

TIMING-18#54 Warning
Missing input or output delay  
An input delay is missing on C[18] relative to clock(s) sys_clk_pin
Related violations: <none>

TIMING-18#55 Warning
Missing input or output delay  
An input delay is missing on C[19] relative to clock(s) sys_clk_pin
Related violations: <none>

TIMING-18#56 Warning
Missing input or output delay  
An input delay is missing on C[1] relative to clock(s) sys_clk_pin
Related violations: <none>

TIMING-18#57 Warning
Missing input or output delay  
An input delay is missing on C[20] relative to clock(s) sys_clk_pin
Related violations: <none>

TIMING-18#58 Warning
Missing input or output delay  
An input delay is missing on C[21] relative to clock(s) sys_clk_pin
Related violations: <none>

TIMING-18#59 Warning
Missing input or output delay  
An input delay is missing on C[22] relative to clock(s) sys_clk_pin
Related violations: <none>

TIMING-18#60 Warning
Missing input or output delay  
An input delay is missing on C[23] relative to clock(s) sys_clk_pin
Related violations: <none>

TIMING-18#61 Warning
Missing input or output delay  
An input delay is missing on C[24] relative to clock(s) sys_clk_pin
Related violations: <none>

TIMING-18#62 Warning
Missing input or output delay  
An input delay is missing on C[25] relative to clock(s) sys_clk_pin
Related violations: <none>

TIMING-18#63 Warning
Missing input or output delay  
An input delay is missing on C[26] relative to clock(s) sys_clk_pin
Related violations: <none>

TIMING-18#64 Warning
Missing input or output delay  
An input delay is missing on C[27] relative to clock(s) sys_clk_pin
Related violations: <none>

TIMING-18#65 Warning
Missing input or output delay  
An input delay is missing on C[28] relative to clock(s) sys_clk_pin
Related violations: <none>

TIMING-18#66 Warning
Missing input or output delay  
An input delay is missing on C[29] relative to clock(s) sys_clk_pin
Related violations: <none>

TIMING-18#67 Warning
Missing input or output delay  
An input delay is missing on C[2] relative to clock(s) sys_clk_pin
Related violations: <none>

TIMING-18#68 Warning
Missing input or output delay  
An input delay is missing on C[30] relative to clock(s) sys_clk_pin
Related violations: <none>

TIMING-18#69 Warning
Missing input or output delay  
An input delay is missing on C[31] relative to clock(s) sys_clk_pin
Related violations: <none>

TIMING-18#70 Warning
Missing input or output delay  
An input delay is missing on C[32] relative to clock(s) sys_clk_pin
Related violations: <none>

TIMING-18#71 Warning
Missing input or output delay  
An input delay is missing on C[33] relative to clock(s) sys_clk_pin
Related violations: <none>

TIMING-18#72 Warning
Missing input or output delay  
An input delay is missing on C[34] relative to clock(s) sys_clk_pin
Related violations: <none>

TIMING-18#73 Warning
Missing input or output delay  
An input delay is missing on C[35] relative to clock(s) sys_clk_pin
Related violations: <none>

TIMING-18#74 Warning
Missing input or output delay  
An input delay is missing on C[36] relative to clock(s) sys_clk_pin
Related violations: <none>

TIMING-18#75 Warning
Missing input or output delay  
An input delay is missing on C[37] relative to clock(s) sys_clk_pin
Related violations: <none>

TIMING-18#76 Warning
Missing input or output delay  
An input delay is missing on C[38] relative to clock(s) sys_clk_pin
Related violations: <none>

TIMING-18#77 Warning
Missing input or output delay  
An input delay is missing on C[39] relative to clock(s) sys_clk_pin
Related violations: <none>

TIMING-18#78 Warning
Missing input or output delay  
An input delay is missing on C[3] relative to clock(s) sys_clk_pin
Related violations: <none>

TIMING-18#79 Warning
Missing input or output delay  
An input delay is missing on C[40] relative to clock(s) sys_clk_pin
Related violations: <none>

TIMING-18#80 Warning
Missing input or output delay  
An input delay is missing on C[41] relative to clock(s) sys_clk_pin
Related violations: <none>

TIMING-18#81 Warning
Missing input or output delay  
An input delay is missing on C[42] relative to clock(s) sys_clk_pin
Related violations: <none>

TIMING-18#82 Warning
Missing input or output delay  
An input delay is missing on C[43] relative to clock(s) sys_clk_pin
Related violations: <none>

TIMING-18#83 Warning
Missing input or output delay  
An input delay is missing on C[44] relative to clock(s) sys_clk_pin
Related violations: <none>

TIMING-18#84 Warning
Missing input or output delay  
An input delay is missing on C[45] relative to clock(s) sys_clk_pin
Related violations: <none>

TIMING-18#85 Warning
Missing input or output delay  
An input delay is missing on C[46] relative to clock(s) sys_clk_pin
Related violations: <none>

TIMING-18#86 Warning
Missing input or output delay  
An input delay is missing on C[47] relative to clock(s) sys_clk_pin
Related violations: <none>

TIMING-18#87 Warning
Missing input or output delay  
An input delay is missing on C[4] relative to clock(s) sys_clk_pin
Related violations: <none>

TIMING-18#88 Warning
Missing input or output delay  
An input delay is missing on C[5] relative to clock(s) sys_clk_pin
Related violations: <none>

TIMING-18#89 Warning
Missing input or output delay  
An input delay is missing on C[6] relative to clock(s) sys_clk_pin
Related violations: <none>

TIMING-18#90 Warning
Missing input or output delay  
An input delay is missing on C[7] relative to clock(s) sys_clk_pin
Related violations: <none>

TIMING-18#91 Warning
Missing input or output delay  
An input delay is missing on C[8] relative to clock(s) sys_clk_pin
Related violations: <none>

TIMING-18#92 Warning
Missing input or output delay  
An input delay is missing on C[9] relative to clock(s) sys_clk_pin
Related violations: <none>

TIMING-18#93 Warning
Missing input or output delay  
An input delay is missing on D[0] relative to clock(s) sys_clk_pin
Related violations: <none>

TIMING-18#94 Warning
Missing input or output delay  
An input delay is missing on D[10] relative to clock(s) sys_clk_pin
Related violations: <none>

TIMING-18#95 Warning
Missing input or output delay  
An input delay is missing on D[11] relative to clock(s) sys_clk_pin
Related violations: <none>

TIMING-18#96 Warning
Missing input or output delay  
An input delay is missing on D[12] relative to clock(s) sys_clk_pin
Related violations: <none>

TIMING-18#97 Warning
Missing input or output delay  
An input delay is missing on D[13] relative to clock(s) sys_clk_pin
Related violations: <none>

TIMING-18#98 Warning
Missing input or output delay  
An input delay is missing on D[14] relative to clock(s) sys_clk_pin
Related violations: <none>

TIMING-18#99 Warning
Missing input or output delay  
An input delay is missing on D[15] relative to clock(s) sys_clk_pin
Related violations: <none>

TIMING-18#100 Warning
Missing input or output delay  
An input delay is missing on D[16] relative to clock(s) sys_clk_pin
Related violations: <none>

TIMING-18#101 Warning
Missing input or output delay  
An input delay is missing on D[17] relative to clock(s) sys_clk_pin
Related violations: <none>

TIMING-18#102 Warning
Missing input or output delay  
An input delay is missing on D[1] relative to clock(s) sys_clk_pin
Related violations: <none>

TIMING-18#103 Warning
Missing input or output delay  
An input delay is missing on D[2] relative to clock(s) sys_clk_pin
Related violations: <none>

TIMING-18#104 Warning
Missing input or output delay  
An input delay is missing on D[3] relative to clock(s) sys_clk_pin
Related violations: <none>

TIMING-18#105 Warning
Missing input or output delay  
An input delay is missing on D[4] relative to clock(s) sys_clk_pin
Related violations: <none>

TIMING-18#106 Warning
Missing input or output delay  
An input delay is missing on D[5] relative to clock(s) sys_clk_pin
Related violations: <none>

TIMING-18#107 Warning
Missing input or output delay  
An input delay is missing on D[6] relative to clock(s) sys_clk_pin
Related violations: <none>

TIMING-18#108 Warning
Missing input or output delay  
An input delay is missing on D[7] relative to clock(s) sys_clk_pin
Related violations: <none>

TIMING-18#109 Warning
Missing input or output delay  
An input delay is missing on D[8] relative to clock(s) sys_clk_pin
Related violations: <none>

TIMING-18#110 Warning
Missing input or output delay  
An input delay is missing on D[9] relative to clock(s) sys_clk_pin
Related violations: <none>

TIMING-18#111 Warning
Missing input or output delay  
An input delay is missing on OPMODE[0] relative to clock(s) sys_clk_pin
Related violations: <none>

TIMING-18#112 Warning
Missing input or output delay  
An input delay is missing on OPMODE[1] relative to clock(s) sys_clk_pin
Related violations: <none>

TIMING-18#113 Warning
Missing input or output delay  
An input delay is missing on OPMODE[2] relative to clock(s) sys_clk_pin
Related violations: <none>

TIMING-18#114 Warning
Missing input or output delay  
An input delay is missing on OPMODE[3] relative to clock(s) sys_clk_pin
Related violations: <none>

TIMING-18#115 Warning
Missing input or output delay  
An input delay is missing on OPMODE[4] relative to clock(s) sys_clk_pin
Related violations: <none>

TIMING-18#116 Warning
Missing input or output delay  
An input delay is missing on OPMODE[5] relative to clock(s) sys_clk_pin
Related violations: <none>

TIMING-18#117 Warning
Missing input or output delay  
An input delay is missing on OPMODE[6] relative to clock(s) sys_clk_pin
Related violations: <none>

TIMING-18#118 Warning
Missing input or output delay  
An input delay is missing on OPMODE[7] relative to clock(s) sys_clk_pin
Related violations: <none>

TIMING-18#119 Warning
Missing input or output delay  
An input delay is missing on PCIN[0] relative to clock(s) sys_clk_pin
Related violations: <none>

TIMING-18#120 Warning
Missing input or output delay  
An input delay is missing on PCIN[10] relative to clock(s) sys_clk_pin
Related violations: <none>

TIMING-18#121 Warning
Missing input or output delay  
An input delay is missing on PCIN[11] relative to clock(s) sys_clk_pin
Related violations: <none>

TIMING-18#122 Warning
Missing input or output delay  
An input delay is missing on PCIN[12] relative to clock(s) sys_clk_pin
Related violations: <none>

TIMING-18#123 Warning
Missing input or output delay  
An input delay is missing on PCIN[13] relative to clock(s) sys_clk_pin
Related violations: <none>

TIMING-18#124 Warning
Missing input or output delay  
An input delay is missing on PCIN[14] relative to clock(s) sys_clk_pin
Related violations: <none>

TIMING-18#125 Warning
Missing input or output delay  
An input delay is missing on PCIN[15] relative to clock(s) sys_clk_pin
Related violations: <none>

TIMING-18#126 Warning
Missing input or output delay  
An input delay is missing on PCIN[16] relative to clock(s) sys_clk_pin
Related violations: <none>

TIMING-18#127 Warning
Missing input or output delay  
An input delay is missing on PCIN[17] relative to clock(s) sys_clk_pin
Related violations: <none>

TIMING-18#128 Warning
Missing input or output delay  
An input delay is missing on PCIN[18] relative to clock(s) sys_clk_pin
Related violations: <none>

TIMING-18#129 Warning
Missing input or output delay  
An input delay is missing on PCIN[19] relative to clock(s) sys_clk_pin
Related violations: <none>

TIMING-18#130 Warning
Missing input or output delay  
An input delay is missing on PCIN[1] relative to clock(s) sys_clk_pin
Related violations: <none>

TIMING-18#131 Warning
Missing input or output delay  
An input delay is missing on PCIN[20] relative to clock(s) sys_clk_pin
Related violations: <none>

TIMING-18#132 Warning
Missing input or output delay  
An input delay is missing on PCIN[21] relative to clock(s) sys_clk_pin
Related violations: <none>

TIMING-18#133 Warning
Missing input or output delay  
An input delay is missing on PCIN[22] relative to clock(s) sys_clk_pin
Related violations: <none>

TIMING-18#134 Warning
Missing input or output delay  
An input delay is missing on PCIN[23] relative to clock(s) sys_clk_pin
Related violations: <none>

TIMING-18#135 Warning
Missing input or output delay  
An input delay is missing on PCIN[24] relative to clock(s) sys_clk_pin
Related violations: <none>

TIMING-18#136 Warning
Missing input or output delay  
An input delay is missing on PCIN[25] relative to clock(s) sys_clk_pin
Related violations: <none>

TIMING-18#137 Warning
Missing input or output delay  
An input delay is missing on PCIN[26] relative to clock(s) sys_clk_pin
Related violations: <none>

TIMING-18#138 Warning
Missing input or output delay  
An input delay is missing on PCIN[27] relative to clock(s) sys_clk_pin
Related violations: <none>

TIMING-18#139 Warning
Missing input or output delay  
An input delay is missing on PCIN[28] relative to clock(s) sys_clk_pin
Related violations: <none>

TIMING-18#140 Warning
Missing input or output delay  
An input delay is missing on PCIN[29] relative to clock(s) sys_clk_pin
Related violations: <none>

TIMING-18#141 Warning
Missing input or output delay  
An input delay is missing on PCIN[2] relative to clock(s) sys_clk_pin
Related violations: <none>

TIMING-18#142 Warning
Missing input or output delay  
An input delay is missing on PCIN[30] relative to clock(s) sys_clk_pin
Related violations: <none>

TIMING-18#143 Warning
Missing input or output delay  
An input delay is missing on PCIN[31] relative to clock(s) sys_clk_pin
Related violations: <none>

TIMING-18#144 Warning
Missing input or output delay  
An input delay is missing on PCIN[32] relative to clock(s) sys_clk_pin
Related violations: <none>

TIMING-18#145 Warning
Missing input or output delay  
An input delay is missing on PCIN[33] relative to clock(s) sys_clk_pin
Related violations: <none>

TIMING-18#146 Warning
Missing input or output delay  
An input delay is missing on PCIN[34] relative to clock(s) sys_clk_pin
Related violations: <none>

TIMING-18#147 Warning
Missing input or output delay  
An input delay is missing on PCIN[35] relative to clock(s) sys_clk_pin
Related violations: <none>

TIMING-18#148 Warning
Missing input or output delay  
An input delay is missing on PCIN[36] relative to clock(s) sys_clk_pin
Related violations: <none>

TIMING-18#149 Warning
Missing input or output delay  
An input delay is missing on PCIN[37] relative to clock(s) sys_clk_pin
Related violations: <none>

TIMING-18#150 Warning
Missing input or output delay  
An input delay is missing on PCIN[38] relative to clock(s) sys_clk_pin
Related violations: <none>

TIMING-18#151 Warning
Missing input or output delay  
An input delay is missing on PCIN[39] relative to clock(s) sys_clk_pin
Related violations: <none>

TIMING-18#152 Warning
Missing input or output delay  
An input delay is missing on PCIN[3] relative to clock(s) sys_clk_pin
Related violations: <none>

TIMING-18#153 Warning
Missing input or output delay  
An input delay is missing on PCIN[40] relative to clock(s) sys_clk_pin
Related violations: <none>

TIMING-18#154 Warning
Missing input or output delay  
An input delay is missing on PCIN[41] relative to clock(s) sys_clk_pin
Related violations: <none>

TIMING-18#155 Warning
Missing input or output delay  
An input delay is missing on PCIN[42] relative to clock(s) sys_clk_pin
Related violations: <none>

TIMING-18#156 Warning
Missing input or output delay  
An input delay is missing on PCIN[43] relative to clock(s) sys_clk_pin
Related violations: <none>

TIMING-18#157 Warning
Missing input or output delay  
An input delay is missing on PCIN[44] relative to clock(s) sys_clk_pin
Related violations: <none>

TIMING-18#158 Warning
Missing input or output delay  
An input delay is missing on PCIN[45] relative to clock(s) sys_clk_pin
Related violations: <none>

TIMING-18#159 Warning
Missing input or output delay  
An input delay is missing on PCIN[46] relative to clock(s) sys_clk_pin
Related violations: <none>

TIMING-18#160 Warning
Missing input or output delay  
An input delay is missing on PCIN[47] relative to clock(s) sys_clk_pin
Related violations: <none>

TIMING-18#161 Warning
Missing input or output delay  
An input delay is missing on PCIN[4] relative to clock(s) sys_clk_pin
Related violations: <none>

TIMING-18#162 Warning
Missing input or output delay  
An input delay is missing on PCIN[5] relative to clock(s) sys_clk_pin
Related violations: <none>

TIMING-18#163 Warning
Missing input or output delay  
An input delay is missing on PCIN[6] relative to clock(s) sys_clk_pin
Related violations: <none>

TIMING-18#164 Warning
Missing input or output delay  
An input delay is missing on PCIN[7] relative to clock(s) sys_clk_pin
Related violations: <none>

TIMING-18#165 Warning
Missing input or output delay  
An input delay is missing on PCIN[8] relative to clock(s) sys_clk_pin
Related violations: <none>

TIMING-18#166 Warning
Missing input or output delay  
An input delay is missing on PCIN[9] relative to clock(s) sys_clk_pin
Related violations: <none>

TIMING-18#167 Warning
Missing input or output delay  
An input delay is missing on RSTA relative to clock(s) sys_clk_pin
Related violations: <none>

TIMING-18#168 Warning
Missing input or output delay  
An input delay is missing on RSTB relative to clock(s) sys_clk_pin
Related violations: <none>

TIMING-18#169 Warning
Missing input or output delay  
An input delay is missing on RSTC relative to clock(s) sys_clk_pin
Related violations: <none>

TIMING-18#170 Warning
Missing input or output delay  
An input delay is missing on RSTCARRYIN relative to clock(s) sys_clk_pin
Related violations: <none>

TIMING-18#171 Warning
Missing input or output delay  
An input delay is missing on RSTD relative to clock(s) sys_clk_pin
Related violations: <none>

TIMING-18#172 Warning
Missing input or output delay  
An input delay is missing on RSTM relative to clock(s) sys_clk_pin
Related violations: <none>

TIMING-18#173 Warning
Missing input or output delay  
An input delay is missing on RSTOPMODE relative to clock(s) sys_clk_pin
Related violations: <none>

TIMING-18#174 Warning
Missing input or output delay  
An input delay is missing on RSTP relative to clock(s) sys_clk_pin
Related violations: <none>

TIMING-18#175 Warning
Missing input or output delay  
An output delay is missing on BCOUT[0] relative to clock(s) sys_clk_pin
Related violations: <none>

TIMING-18#176 Warning
Missing input or output delay  
An output delay is missing on BCOUT[10] relative to clock(s) sys_clk_pin
Related violations: <none>

TIMING-18#177 Warning
Missing input or output delay  
An output delay is missing on BCOUT[11] relative to clock(s) sys_clk_pin
Related violations: <none>

TIMING-18#178 Warning
Missing input or output delay  
An output delay is missing on BCOUT[12] relative to clock(s) sys_clk_pin
Related violations: <none>

TIMING-18#179 Warning
Missing input or output delay  
An output delay is missing on BCOUT[13] relative to clock(s) sys_clk_pin
Related violations: <none>

TIMING-18#180 Warning
Missing input or output delay  
An output delay is missing on BCOUT[14] relative to clock(s) sys_clk_pin
Related violations: <none>

TIMING-18#181 Warning
Missing input or output delay  
An output delay is missing on BCOUT[15] relative to clock(s) sys_clk_pin
Related violations: <none>

TIMING-18#182 Warning
Missing input or output delay  
An output delay is missing on BCOUT[16] relative to clock(s) sys_clk_pin
Related violations: <none>

TIMING-18#183 Warning
Missing input or output delay  
An output delay is missing on BCOUT[17] relative to clock(s) sys_clk_pin
Related violations: <none>

TIMING-18#184 Warning
Missing input or output delay  
An output delay is missing on BCOUT[1] relative to clock(s) sys_clk_pin
Related violations: <none>

TIMING-18#185 Warning
Missing input or output delay  
An output delay is missing on BCOUT[2] relative to clock(s) sys_clk_pin
Related violations: <none>

TIMING-18#186 Warning
Missing input or output delay  
An output delay is missing on BCOUT[3] relative to clock(s) sys_clk_pin
Related violations: <none>

TIMING-18#187 Warning
Missing input or output delay  
An output delay is missing on BCOUT[4] relative to clock(s) sys_clk_pin
Related violations: <none>

TIMING-18#188 Warning
Missing input or output delay  
An output delay is missing on BCOUT[5] relative to clock(s) sys_clk_pin
Related violations: <none>

TIMING-18#189 Warning
Missing input or output delay  
An output delay is missing on BCOUT[6] relative to clock(s) sys_clk_pin
Related violations: <none>

TIMING-18#190 Warning
Missing input or output delay  
An output delay is missing on BCOUT[7] relative to clock(s) sys_clk_pin
Related violations: <none>

TIMING-18#191 Warning
Missing input or output delay  
An output delay is missing on BCOUT[8] relative to clock(s) sys_clk_pin
Related violations: <none>

TIMING-18#192 Warning
Missing input or output delay  
An output delay is missing on BCOUT[9] relative to clock(s) sys_clk_pin
Related violations: <none>

TIMING-18#193 Warning
Missing input or output delay  
An output delay is missing on CARRYOUT relative to clock(s) sys_clk_pin
Related violations: <none>

TIMING-18#194 Warning
Missing input or output delay  
An output delay is missing on CARRYOUTF relative to clock(s) sys_clk_pin
Related violations: <none>

TIMING-18#195 Warning
Missing input or output delay  
An output delay is missing on M[0] relative to clock(s) sys_clk_pin
Related violations: <none>

TIMING-18#196 Warning
Missing input or output delay  
An output delay is missing on M[10] relative to clock(s) sys_clk_pin
Related violations: <none>

TIMING-18#197 Warning
Missing input or output delay  
An output delay is missing on M[11] relative to clock(s) sys_clk_pin
Related violations: <none>

TIMING-18#198 Warning
Missing input or output delay  
An output delay is missing on M[12] relative to clock(s) sys_clk_pin
Related violations: <none>

TIMING-18#199 Warning
Missing input or output delay  
An output delay is missing on M[13] relative to clock(s) sys_clk_pin
Related violations: <none>

TIMING-18#200 Warning
Missing input or output delay  
An output delay is missing on M[14] relative to clock(s) sys_clk_pin
Related violations: <none>

TIMING-18#201 Warning
Missing input or output delay  
An output delay is missing on M[15] relative to clock(s) sys_clk_pin
Related violations: <none>

TIMING-18#202 Warning
Missing input or output delay  
An output delay is missing on M[16] relative to clock(s) sys_clk_pin
Related violations: <none>

TIMING-18#203 Warning
Missing input or output delay  
An output delay is missing on M[17] relative to clock(s) sys_clk_pin
Related violations: <none>

TIMING-18#204 Warning
Missing input or output delay  
An output delay is missing on M[18] relative to clock(s) sys_clk_pin
Related violations: <none>

TIMING-18#205 Warning
Missing input or output delay  
An output delay is missing on M[19] relative to clock(s) sys_clk_pin
Related violations: <none>

TIMING-18#206 Warning
Missing input or output delay  
An output delay is missing on M[1] relative to clock(s) sys_clk_pin
Related violations: <none>

TIMING-18#207 Warning
Missing input or output delay  
An output delay is missing on M[20] relative to clock(s) sys_clk_pin
Related violations: <none>

TIMING-18#208 Warning
Missing input or output delay  
An output delay is missing on M[21] relative to clock(s) sys_clk_pin
Related violations: <none>

TIMING-18#209 Warning
Missing input or output delay  
An output delay is missing on M[22] relative to clock(s) sys_clk_pin
Related violations: <none>

TIMING-18#210 Warning
Missing input or output delay  
An output delay is missing on M[23] relative to clock(s) sys_clk_pin
Related violations: <none>

TIMING-18#211 Warning
Missing input or output delay  
An output delay is missing on M[24] relative to clock(s) sys_clk_pin
Related violations: <none>

TIMING-18#212 Warning
Missing input or output delay  
An output delay is missing on M[25] relative to clock(s) sys_clk_pin
Related violations: <none>

TIMING-18#213 Warning
Missing input or output delay  
An output delay is missing on M[26] relative to clock(s) sys_clk_pin
Related violations: <none>

TIMING-18#214 Warning
Missing input or output delay  
An output delay is missing on M[27] relative to clock(s) sys_clk_pin
Related violations: <none>

TIMING-18#215 Warning
Missing input or output delay  
An output delay is missing on M[28] relative to clock(s) sys_clk_pin
Related violations: <none>

TIMING-18#216 Warning
Missing input or output delay  
An output delay is missing on M[29] relative to clock(s) sys_clk_pin
Related violations: <none>

TIMING-18#217 Warning
Missing input or output delay  
An output delay is missing on M[2] relative to clock(s) sys_clk_pin
Related violations: <none>

TIMING-18#218 Warning
Missing input or output delay  
An output delay is missing on M[30] relative to clock(s) sys_clk_pin
Related violations: <none>

TIMING-18#219 Warning
Missing input or output delay  
An output delay is missing on M[31] relative to clock(s) sys_clk_pin
Related violations: <none>

TIMING-18#220 Warning
Missing input or output delay  
An output delay is missing on M[32] relative to clock(s) sys_clk_pin
Related violations: <none>

TIMING-18#221 Warning
Missing input or output delay  
An output delay is missing on M[33] relative to clock(s) sys_clk_pin
Related violations: <none>

TIMING-18#222 Warning
Missing input or output delay  
An output delay is missing on M[34] relative to clock(s) sys_clk_pin
Related violations: <none>

TIMING-18#223 Warning
Missing input or output delay  
An output delay is missing on M[35] relative to clock(s) sys_clk_pin
Related violations: <none>

TIMING-18#224 Warning
Missing input or output delay  
An output delay is missing on M[3] relative to clock(s) sys_clk_pin
Related violations: <none>

TIMING-18#225 Warning
Missing input or output delay  
An output delay is missing on M[4] relative to clock(s) sys_clk_pin
Related violations: <none>

TIMING-18#226 Warning
Missing input or output delay  
An output delay is missing on M[5] relative to clock(s) sys_clk_pin
Related violations: <none>

TIMING-18#227 Warning
Missing input or output delay  
An output delay is missing on M[6] relative to clock(s) sys_clk_pin
Related violations: <none>

TIMING-18#228 Warning
Missing input or output delay  
An output delay is missing on M[7] relative to clock(s) sys_clk_pin
Related violations: <none>

TIMING-18#229 Warning
Missing input or output delay  
An output delay is missing on M[8] relative to clock(s) sys_clk_pin
Related violations: <none>

TIMING-18#230 Warning
Missing input or output delay  
An output delay is missing on M[9] relative to clock(s) sys_clk_pin
Related violations: <none>

TIMING-18#231 Warning
Missing input or output delay  
An output delay is missing on PCOUT[0] relative to clock(s) sys_clk_pin
Related violations: <none>

TIMING-18#232 Warning
Missing input or output delay  
An output delay is missing on PCOUT[10] relative to clock(s) sys_clk_pin
Related violations: <none>

TIMING-18#233 Warning
Missing input or output delay  
An output delay is missing on PCOUT[11] relative to clock(s) sys_clk_pin
Related violations: <none>

TIMING-18#234 Warning
Missing input or output delay  
An output delay is missing on PCOUT[12] relative to clock(s) sys_clk_pin
Related violations: <none>

TIMING-18#235 Warning
Missing input or output delay  
An output delay is missing on PCOUT[13] relative to clock(s) sys_clk_pin
Related violations: <none>

TIMING-18#236 Warning
Missing input or output delay  
An output delay is missing on PCOUT[14] relative to clock(s) sys_clk_pin
Related violations: <none>

TIMING-18#237 Warning
Missing input or output delay  
An output delay is missing on PCOUT[15] relative to clock(s) sys_clk_pin
Related violations: <none>

TIMING-18#238 Warning
Missing input or output delay  
An output delay is missing on PCOUT[16] relative to clock(s) sys_clk_pin
Related violations: <none>

TIMING-18#239 Warning
Missing input or output delay  
An output delay is missing on PCOUT[17] relative to clock(s) sys_clk_pin
Related violations: <none>

TIMING-18#240 Warning
Missing input or output delay  
An output delay is missing on PCOUT[18] relative to clock(s) sys_clk_pin
Related violations: <none>

TIMING-18#241 Warning
Missing input or output delay  
An output delay is missing on PCOUT[19] relative to clock(s) sys_clk_pin
Related violations: <none>

TIMING-18#242 Warning
Missing input or output delay  
An output delay is missing on PCOUT[1] relative to clock(s) sys_clk_pin
Related violations: <none>

TIMING-18#243 Warning
Missing input or output delay  
An output delay is missing on PCOUT[20] relative to clock(s) sys_clk_pin
Related violations: <none>

TIMING-18#244 Warning
Missing input or output delay  
An output delay is missing on PCOUT[21] relative to clock(s) sys_clk_pin
Related violations: <none>

TIMING-18#245 Warning
Missing input or output delay  
An output delay is missing on PCOUT[22] relative to clock(s) sys_clk_pin
Related violations: <none>

TIMING-18#246 Warning
Missing input or output delay  
An output delay is missing on PCOUT[23] relative to clock(s) sys_clk_pin
Related violations: <none>

TIMING-18#247 Warning
Missing input or output delay  
An output delay is missing on PCOUT[24] relative to clock(s) sys_clk_pin
Related violations: <none>

TIMING-18#248 Warning
Missing input or output delay  
An output delay is missing on PCOUT[25] relative to clock(s) sys_clk_pin
Related violations: <none>

TIMING-18#249 Warning
Missing input or output delay  
An output delay is missing on PCOUT[26] relative to clock(s) sys_clk_pin
Related violations: <none>

TIMING-18#250 Warning
Missing input or output delay  
An output delay is missing on PCOUT[27] relative to clock(s) sys_clk_pin
Related violations: <none>

TIMING-18#251 Warning
Missing input or output delay  
An output delay is missing on PCOUT[28] relative to clock(s) sys_clk_pin
Related violations: <none>

TIMING-18#252 Warning
Missing input or output delay  
An output delay is missing on PCOUT[29] relative to clock(s) sys_clk_pin
Related violations: <none>

TIMING-18#253 Warning
Missing input or output delay  
An output delay is missing on PCOUT[2] relative to clock(s) sys_clk_pin
Related violations: <none>

TIMING-18#254 Warning
Missing input or output delay  
An output delay is missing on PCOUT[30] relative to clock(s) sys_clk_pin
Related violations: <none>

TIMING-18#255 Warning
Missing input or output delay  
An output delay is missing on PCOUT[31] relative to clock(s) sys_clk_pin
Related violations: <none>

TIMING-18#256 Warning
Missing input or output delay  
An output delay is missing on PCOUT[32] relative to clock(s) sys_clk_pin
Related violations: <none>

TIMING-18#257 Warning
Missing input or output delay  
An output delay is missing on PCOUT[33] relative to clock(s) sys_clk_pin
Related violations: <none>

TIMING-18#258 Warning
Missing input or output delay  
An output delay is missing on PCOUT[34] relative to clock(s) sys_clk_pin
Related violations: <none>

TIMING-18#259 Warning
Missing input or output delay  
An output delay is missing on PCOUT[35] relative to clock(s) sys_clk_pin
Related violations: <none>

TIMING-18#260 Warning
Missing input or output delay  
An output delay is missing on PCOUT[36] relative to clock(s) sys_clk_pin
Related violations: <none>

TIMING-18#261 Warning
Missing input or output delay  
An output delay is missing on PCOUT[37] relative to clock(s) sys_clk_pin
Related violations: <none>

TIMING-18#262 Warning
Missing input or output delay  
An output delay is missing on PCOUT[38] relative to clock(s) sys_clk_pin
Related violations: <none>

TIMING-18#263 Warning
Missing input or output delay  
An output delay is missing on PCOUT[39] relative to clock(s) sys_clk_pin
Related violations: <none>

TIMING-18#264 Warning
Missing input or output delay  
An output delay is missing on PCOUT[3] relative to clock(s) sys_clk_pin
Related violations: <none>

TIMING-18#265 Warning
Missing input or output delay  
An output delay is missing on PCOUT[40] relative to clock(s) sys_clk_pin
Related violations: <none>

TIMING-18#266 Warning
Missing input or output delay  
An output delay is missing on PCOUT[41] relative to clock(s) sys_clk_pin
Related violations: <none>

TIMING-18#267 Warning
Missing input or output delay  
An output delay is missing on PCOUT[42] relative to clock(s) sys_clk_pin
Related violations: <none>

TIMING-18#268 Warning
Missing input or output delay  
An output delay is missing on PCOUT[43] relative to clock(s) sys_clk_pin
Related violations: <none>

TIMING-18#269 Warning
Missing input or output delay  
An output delay is missing on PCOUT[44] relative to clock(s) sys_clk_pin
Related violations: <none>

TIMING-18#270 Warning
Missing input or output delay  
An output delay is missing on PCOUT[45] relative to clock(s) sys_clk_pin
Related violations: <none>

TIMING-18#271 Warning
Missing input or output delay  
An output delay is missing on PCOUT[46] relative to clock(s) sys_clk_pin
Related violations: <none>

TIMING-18#272 Warning
Missing input or output delay  
An output delay is missing on PCOUT[47] relative to clock(s) sys_clk_pin
Related violations: <none>

TIMING-18#273 Warning
Missing input or output delay  
An output delay is missing on PCOUT[4] relative to clock(s) sys_clk_pin
Related violations: <none>

TIMING-18#274 Warning
Missing input or output delay  
An output delay is missing on PCOUT[5] relative to clock(s) sys_clk_pin
Related violations: <none>

TIMING-18#275 Warning
Missing input or output delay  
An output delay is missing on PCOUT[6] relative to clock(s) sys_clk_pin
Related violations: <none>

TIMING-18#276 Warning
Missing input or output delay  
An output delay is missing on PCOUT[7] relative to clock(s) sys_clk_pin
Related violations: <none>

TIMING-18#277 Warning
Missing input or output delay  
An output delay is missing on PCOUT[8] relative to clock(s) sys_clk_pin
Related violations: <none>

TIMING-18#278 Warning
Missing input or output delay  
An output delay is missing on PCOUT[9] relative to clock(s) sys_clk_pin
Related violations: <none>

TIMING-18#279 Warning
Missing input or output delay  
An output delay is missing on P[0] relative to clock(s) sys_clk_pin
Related violations: <none>

TIMING-18#280 Warning
Missing input or output delay  
An output delay is missing on P[10] relative to clock(s) sys_clk_pin
Related violations: <none>

TIMING-18#281 Warning
Missing input or output delay  
An output delay is missing on P[11] relative to clock(s) sys_clk_pin
Related violations: <none>

TIMING-18#282 Warning
Missing input or output delay  
An output delay is missing on P[12] relative to clock(s) sys_clk_pin
Related violations: <none>

TIMING-18#283 Warning
Missing input or output delay  
An output delay is missing on P[13] relative to clock(s) sys_clk_pin
Related violations: <none>

TIMING-18#284 Warning
Missing input or output delay  
An output delay is missing on P[14] relative to clock(s) sys_clk_pin
Related violations: <none>

TIMING-18#285 Warning
Missing input or output delay  
An output delay is missing on P[15] relative to clock(s) sys_clk_pin
Related violations: <none>

TIMING-18#286 Warning
Missing input or output delay  
An output delay is missing on P[16] relative to clock(s) sys_clk_pin
Related violations: <none>

TIMING-18#287 Warning
Missing input or output delay  
An output delay is missing on P[17] relative to clock(s) sys_clk_pin
Related violations: <none>

TIMING-18#288 Warning
Missing input or output delay  
An output delay is missing on P[18] relative to clock(s) sys_clk_pin
Related violations: <none>

TIMING-18#289 Warning
Missing input or output delay  
An output delay is missing on P[19] relative to clock(s) sys_clk_pin
Related violations: <none>

TIMING-18#290 Warning
Missing input or output delay  
An output delay is missing on P[1] relative to clock(s) sys_clk_pin
Related violations: <none>

TIMING-18#291 Warning
Missing input or output delay  
An output delay is missing on P[20] relative to clock(s) sys_clk_pin
Related violations: <none>

TIMING-18#292 Warning
Missing input or output delay  
An output delay is missing on P[21] relative to clock(s) sys_clk_pin
Related violations: <none>

TIMING-18#293 Warning
Missing input or output delay  
An output delay is missing on P[22] relative to clock(s) sys_clk_pin
Related violations: <none>

TIMING-18#294 Warning
Missing input or output delay  
An output delay is missing on P[23] relative to clock(s) sys_clk_pin
Related violations: <none>

TIMING-18#295 Warning
Missing input or output delay  
An output delay is missing on P[24] relative to clock(s) sys_clk_pin
Related violations: <none>

TIMING-18#296 Warning
Missing input or output delay  
An output delay is missing on P[25] relative to clock(s) sys_clk_pin
Related violations: <none>

TIMING-18#297 Warning
Missing input or output delay  
An output delay is missing on P[26] relative to clock(s) sys_clk_pin
Related violations: <none>

TIMING-18#298 Warning
Missing input or output delay  
An output delay is missing on P[27] relative to clock(s) sys_clk_pin
Related violations: <none>

TIMING-18#299 Warning
Missing input or output delay  
An output delay is missing on P[28] relative to clock(s) sys_clk_pin
Related violations: <none>

TIMING-18#300 Warning
Missing input or output delay  
An output delay is missing on P[29] relative to clock(s) sys_clk_pin
Related violations: <none>

TIMING-18#301 Warning
Missing input or output delay  
An output delay is missing on P[2] relative to clock(s) sys_clk_pin
Related violations: <none>

TIMING-18#302 Warning
Missing input or output delay  
An output delay is missing on P[30] relative to clock(s) sys_clk_pin
Related violations: <none>

TIMING-18#303 Warning
Missing input or output delay  
An output delay is missing on P[31] relative to clock(s) sys_clk_pin
Related violations: <none>

TIMING-18#304 Warning
Missing input or output delay  
An output delay is missing on P[32] relative to clock(s) sys_clk_pin
Related violations: <none>

TIMING-18#305 Warning
Missing input or output delay  
An output delay is missing on P[33] relative to clock(s) sys_clk_pin
Related violations: <none>

TIMING-18#306 Warning
Missing input or output delay  
An output delay is missing on P[34] relative to clock(s) sys_clk_pin
Related violations: <none>

TIMING-18#307 Warning
Missing input or output delay  
An output delay is missing on P[35] relative to clock(s) sys_clk_pin
Related violations: <none>

TIMING-18#308 Warning
Missing input or output delay  
An output delay is missing on P[36] relative to clock(s) sys_clk_pin
Related violations: <none>

TIMING-18#309 Warning
Missing input or output delay  
An output delay is missing on P[37] relative to clock(s) sys_clk_pin
Related violations: <none>

TIMING-18#310 Warning
Missing input or output delay  
An output delay is missing on P[38] relative to clock(s) sys_clk_pin
Related violations: <none>

TIMING-18#311 Warning
Missing input or output delay  
An output delay is missing on P[39] relative to clock(s) sys_clk_pin
Related violations: <none>

TIMING-18#312 Warning
Missing input or output delay  
An output delay is missing on P[3] relative to clock(s) sys_clk_pin
Related violations: <none>

TIMING-18#313 Warning
Missing input or output delay  
An output delay is missing on P[40] relative to clock(s) sys_clk_pin
Related violations: <none>

TIMING-18#314 Warning
Missing input or output delay  
An output delay is missing on P[41] relative to clock(s) sys_clk_pin
Related violations: <none>

TIMING-18#315 Warning
Missing input or output delay  
An output delay is missing on P[42] relative to clock(s) sys_clk_pin
Related violations: <none>

TIMING-18#316 Warning
Missing input or output delay  
An output delay is missing on P[43] relative to clock(s) sys_clk_pin
Related violations: <none>

TIMING-18#317 Warning
Missing input or output delay  
An output delay is missing on P[44] relative to clock(s) sys_clk_pin
Related violations: <none>

TIMING-18#318 Warning
Missing input or output delay  
An output delay is missing on P[45] relative to clock(s) sys_clk_pin
Related violations: <none>

TIMING-18#319 Warning
Missing input or output delay  
An output delay is missing on P[46] relative to clock(s) sys_clk_pin
Related violations: <none>

TIMING-18#320 Warning
Missing input or output delay  
An output delay is missing on P[47] relative to clock(s) sys_clk_pin
Related violations: <none>

TIMING-18#321 Warning
Missing input or output delay  
An output delay is missing on P[4] relative to clock(s) sys_clk_pin
Related violations: <none>

TIMING-18#322 Warning
Missing input or output delay  
An output delay is missing on P[5] relative to clock(s) sys_clk_pin
Related violations: <none>

TIMING-18#323 Warning
Missing input or output delay  
An output delay is missing on P[6] relative to clock(s) sys_clk_pin
Related violations: <none>

TIMING-18#324 Warning
Missing input or output delay  
An output delay is missing on P[7] relative to clock(s) sys_clk_pin
Related violations: <none>

TIMING-18#325 Warning
Missing input or output delay  
An output delay is missing on P[8] relative to clock(s) sys_clk_pin
Related violations: <none>

TIMING-18#326 Warning
Missing input or output delay  
An output delay is missing on P[9] relative to clock(s) sys_clk_pin
Related violations: <none>


